2024-12-09 16:48:58,537 - INFO - Training on 13952 samples...
2024-12-09 16:48:58,932 - INFO - Train epoch: 1 [0/13952 (0%)]	Loss: 0.691921
2024-12-09 16:49:01,364 - INFO - Train epoch: 1 [280960/13952 (73%)]	Loss: 0.478705
2024-12-09 16:49:02,287 - INFO - Making predictions for 3488 samples...
2024-12-09 16:49:02,800 - INFO - Accuracy: 0.8446, Precision: 0.8001, Recall: 0.9226, F1 Score: 0.8570
2024-12-09 16:49:02,804 - INFO - ROC AUC: 0.9223
2024-12-09 16:49:02,804 - INFO - Top 30 predictions saved to top_30_predictions.csv
2024-12-09 16:49:02,813 - INFO - Top 30 predictions saved to top_30_predictions.csv
2024-12-09 16:49:02,814 - INFO - Training on 13952 samples...
2024-12-09 16:49:02,827 - INFO - Train epoch: 2 [0/13952 (0%)]	Loss: 0.449902
2024-12-09 16:49:04,553 - INFO - Train epoch: 2 [297280/13952 (73%)]	Loss: 0.520417
2024-12-09 16:49:05,164 - INFO - Making predictions for 3488 samples...
2024-12-09 16:49:05,456 - INFO - Accuracy: 0.8530, Precision: 0.8021, Recall: 0.9409, F1 Score: 0.8660
2024-12-09 16:49:05,457 - INFO - ROC AUC: 0.9306
2024-12-09 16:49:05,457 - INFO - Top 30 predictions saved to top_30_predictions.csv
2024-12-09 16:49:05,462 - INFO - Top 30 predictions saved to top_30_predictions.csv
2024-12-09 16:49:05,462 - INFO - Training on 13952 samples...
2024-12-09 16:49:05,474 - INFO - Train epoch: 3 [0/13952 (0%)]	Loss: 0.327590
2024-12-09 16:49:07,223 - INFO - Train epoch: 3 [280000/13952 (73%)]	Loss: 0.326216
2024-12-09 16:49:07,841 - INFO - Making predictions for 3488 samples...
2024-12-09 16:49:08,143 - INFO - Accuracy: 0.8655, Precision: 0.8360, Recall: 0.9123, F1 Score: 0.8725
2024-12-09 16:49:08,145 - INFO - ROC AUC: 0.9347
2024-12-09 16:49:08,145 - INFO - Top 30 predictions saved to top_30_predictions.csv
2024-12-09 16:49:08,145 - INFO - Training on 13952 samples...
2024-12-09 16:49:08,159 - INFO - Train epoch: 4 [0/13952 (0%)]	Loss: 0.320885
2024-12-09 16:49:09,911 - INFO - Train epoch: 4 [309120/13952 (73%)]	Loss: 0.449663
2024-12-09 16:49:10,529 - INFO - Making predictions for 3488 samples...
2024-12-09 16:49:10,813 - INFO - Accuracy: 0.8579, Precision: 0.8091, Recall: 0.9404, F1 Score: 0.8698
2024-12-09 16:49:10,815 - INFO - ROC AUC: 0.9371
2024-12-09 16:49:10,815 - INFO - Top 30 predictions saved to top_30_predictions.csv
2024-12-09 16:49:10,815 - INFO - Training on 13952 samples...
2024-12-09 16:49:10,826 - INFO - Train epoch: 5 [0/13952 (0%)]	Loss: 0.284100
2024-12-09 16:49:12,546 - INFO - Train epoch: 5 [308640/13952 (73%)]	Loss: 0.341714
2024-12-09 16:49:13,149 - INFO - Making predictions for 3488 samples...
2024-12-09 16:49:13,429 - INFO - Accuracy: 0.8646, Precision: 0.8171, Recall: 0.9427, F1 Score: 0.8754
2024-12-09 16:49:13,431 - INFO - ROC AUC: 0.9377
2024-12-09 16:49:13,431 - INFO - Top 30 predictions saved to top_30_predictions.csv
2024-12-09 16:49:13,438 - INFO - Top 30 predictions saved to top_30_predictions.csv
2024-12-09 16:49:13,438 - INFO - Training on 13952 samples...
2024-12-09 16:49:13,451 - INFO - Train epoch: 6 [0/13952 (0%)]	Loss: 0.242292
2024-12-09 16:49:15,153 - INFO - Train epoch: 6 [340160/13952 (73%)]	Loss: 0.364520
2024-12-09 16:49:15,771 - INFO - Making predictions for 3488 samples...
2024-12-09 16:49:16,057 - INFO - Accuracy: 0.8704, Precision: 0.8506, Recall: 0.9014, F1 Score: 0.8753
2024-12-09 16:49:16,059 - INFO - ROC AUC: 0.9378
2024-12-09 16:49:16,059 - INFO - Top 30 predictions saved to top_30_predictions.csv
2024-12-09 16:49:16,059 - INFO - Training on 13952 samples...
2024-12-09 16:49:16,069 - INFO - Train epoch: 7 [0/13952 (0%)]	Loss: 0.312474
2024-12-09 16:49:17,766 - INFO - Train epoch: 7 [293600/13952 (73%)]	Loss: 0.328276
2024-12-09 16:49:18,377 - INFO - Making predictions for 3488 samples...
2024-12-09 16:49:18,670 - INFO - Accuracy: 0.8712, Precision: 0.8378, Recall: 0.9237, F1 Score: 0.8786
2024-12-09 16:49:18,673 - INFO - ROC AUC: 0.9415
2024-12-09 16:49:18,673 - INFO - Top 30 predictions saved to top_30_predictions.csv
2024-12-09 16:49:18,673 - INFO - Training on 13952 samples...
2024-12-09 16:49:18,683 - INFO - Train epoch: 8 [0/13952 (0%)]	Loss: 0.334132
2024-12-09 16:49:20,418 - INFO - Train epoch: 8 [320960/13952 (73%)]	Loss: 0.308806
2024-12-09 16:49:21,021 - INFO - Making predictions for 3488 samples...
2024-12-09 16:49:21,322 - INFO - Accuracy: 0.8640, Precision: 0.8237, Recall: 0.9295, F1 Score: 0.8734
2024-12-09 16:49:21,324 - INFO - ROC AUC: 0.9401
2024-12-09 16:49:21,324 - INFO - Top 30 predictions saved to top_30_predictions.csv
2024-12-09 16:49:21,324 - INFO - Training on 13952 samples...
2024-12-09 16:49:21,338 - INFO - Train epoch: 9 [0/13952 (0%)]	Loss: 0.209464
2024-12-09 16:49:23,054 - INFO - Train epoch: 9 [295680/13952 (73%)]	Loss: 0.290568
2024-12-09 16:49:23,691 - INFO - Making predictions for 3488 samples...
2024-12-09 16:49:23,992 - INFO - Accuracy: 0.8733, Precision: 0.8455, Recall: 0.9163, F1 Score: 0.8795
2024-12-09 16:49:23,994 - INFO - ROC AUC: 0.9414
2024-12-09 16:49:23,994 - INFO - Top 30 predictions saved to top_30_predictions.csv
2024-12-09 16:49:23,994 - INFO - Training on 13952 samples...
2024-12-09 16:49:24,006 - INFO - Train epoch: 10 [0/13952 (0%)]	Loss: 0.310028
2024-12-09 16:49:25,817 - INFO - Train epoch: 10 [299200/13952 (73%)]	Loss: 0.210872
2024-12-09 16:49:26,458 - INFO - Making predictions for 3488 samples...
2024-12-09 16:49:26,755 - INFO - Accuracy: 0.8727, Precision: 0.8684, Recall: 0.8813, F1 Score: 0.8748
2024-12-09 16:49:26,757 - INFO - ROC AUC: 0.9422
2024-12-09 16:49:26,757 - INFO - Top 30 predictions saved to top_30_predictions.csv
2024-12-09 16:49:26,757 - INFO - Training on 13952 samples...
2024-12-09 16:49:26,770 - INFO - Train epoch: 11 [0/13952 (0%)]	Loss: 0.255044
2024-12-09 16:49:28,563 - INFO - Train epoch: 11 [328960/13952 (73%)]	Loss: 0.394719
2024-12-09 16:49:29,190 - INFO - Making predictions for 3488 samples...
2024-12-09 16:49:29,499 - INFO - Accuracy: 0.8715, Precision: 0.8552, Recall: 0.8974, F1 Score: 0.8758
2024-12-09 16:49:29,500 - INFO - ROC AUC: 0.9427
2024-12-09 16:49:29,500 - INFO - Top 30 predictions saved to top_30_predictions.csv
2024-12-09 16:49:29,501 - INFO - Training on 13952 samples...
2024-12-09 16:49:29,515 - INFO - Train epoch: 12 [0/13952 (0%)]	Loss: 0.302696
2024-12-09 16:49:31,335 - INFO - Train epoch: 12 [284000/13952 (73%)]	Loss: 0.262422
2024-12-09 16:49:31,961 - INFO - Making predictions for 3488 samples...
2024-12-09 16:49:32,260 - INFO - Accuracy: 0.8756, Precision: 0.8683, Recall: 0.8882, F1 Score: 0.8781
2024-12-09 16:49:32,262 - INFO - ROC AUC: 0.9416
2024-12-09 16:49:32,262 - INFO - Top 30 predictions saved to top_30_predictions.csv
2024-12-09 16:49:32,262 - INFO - Training on 13952 samples...
2024-12-09 16:49:32,276 - INFO - Train epoch: 13 [0/13952 (0%)]	Loss: 0.402960
2024-12-09 16:49:33,975 - INFO - Train epoch: 13 [308320/13952 (73%)]	Loss: 0.170545
2024-12-09 16:49:34,516 - INFO - Making predictions for 3488 samples...
2024-12-09 16:49:34,809 - INFO - Accuracy: 0.8675, Precision: 0.8212, Recall: 0.9427, F1 Score: 0.8777
2024-12-09 16:49:34,810 - INFO - ROC AUC: 0.9419
2024-12-09 16:49:34,810 - INFO - Top 30 predictions saved to top_30_predictions.csv
2024-12-09 16:49:34,810 - INFO - Training on 13952 samples...
2024-12-09 16:49:34,823 - INFO - Train epoch: 14 [0/13952 (0%)]	Loss: 0.393315
2024-12-09 16:49:36,583 - INFO - Train epoch: 14 [333120/13952 (73%)]	Loss: 0.430147
2024-12-09 16:49:37,227 - INFO - Making predictions for 3488 samples...
2024-12-09 16:49:37,516 - INFO - Accuracy: 0.8753, Precision: 0.8461, Recall: 0.9203, F1 Score: 0.8816
2024-12-09 16:49:37,518 - INFO - ROC AUC: 0.9426
2024-12-09 16:49:37,518 - INFO - Top 30 predictions saved to top_30_predictions.csv
2024-12-09 16:49:37,518 - INFO - Training on 13952 samples...
2024-12-09 16:49:37,530 - INFO - Train epoch: 15 [0/13952 (0%)]	Loss: 0.244510
2024-12-09 16:49:39,308 - INFO - Train epoch: 15 [328000/13952 (73%)]	Loss: 0.251712
2024-12-09 16:49:39,959 - INFO - Making predictions for 3488 samples...
2024-12-09 16:49:40,252 - INFO - Accuracy: 0.8762, Precision: 0.8441, Recall: 0.9255, F1 Score: 0.8829
2024-12-09 16:49:40,254 - INFO - ROC AUC: 0.9431
2024-12-09 16:49:40,254 - INFO - Top 30 predictions saved to top_30_predictions.csv
2024-12-09 16:49:40,254 - INFO - Training on 13952 samples...
2024-12-09 16:49:40,267 - INFO - Train epoch: 16 [0/13952 (0%)]	Loss: 0.218330
2024-12-09 16:49:42,074 - INFO - Train epoch: 16 [328000/13952 (73%)]	Loss: 0.219543
2024-12-09 16:49:42,723 - INFO - Making predictions for 3488 samples...
2024-12-09 16:49:43,012 - INFO - Accuracy: 0.8738, Precision: 0.8344, Recall: 0.9358, F1 Score: 0.8822
2024-12-09 16:49:43,014 - INFO - ROC AUC: 0.9445
2024-12-09 16:49:43,014 - INFO - Top 30 predictions saved to top_30_predictions.csv
2024-12-09 16:49:43,014 - INFO - Training on 13952 samples...
2024-12-09 16:49:43,025 - INFO - Train epoch: 17 [0/13952 (0%)]	Loss: 0.231338
2024-12-09 16:49:44,862 - INFO - Train epoch: 17 [367360/13952 (73%)]	Loss: 0.294911
2024-12-09 16:49:45,507 - INFO - Making predictions for 3488 samples...
2024-12-09 16:49:45,815 - INFO - Accuracy: 0.8782, Precision: 0.8562, Recall: 0.9117, F1 Score: 0.8831
2024-12-09 16:49:45,817 - INFO - ROC AUC: 0.9418
2024-12-09 16:49:45,818 - INFO - Top 30 predictions saved to top_30_predictions.csv
2024-12-09 16:49:45,818 - INFO - Training on 13952 samples...
2024-12-09 16:49:45,831 - INFO - Train epoch: 18 [0/13952 (0%)]	Loss: 0.204117
2024-12-09 16:49:47,610 - INFO - Train epoch: 18 [283520/13952 (73%)]	Loss: 0.336427
2024-12-09 16:49:48,248 - INFO - Making predictions for 3488 samples...
2024-12-09 16:49:48,554 - INFO - Accuracy: 0.8718, Precision: 0.8351, Recall: 0.9295, F1 Score: 0.8798
2024-12-09 16:49:48,555 - INFO - ROC AUC: 0.9413
2024-12-09 16:49:48,555 - INFO - Top 30 predictions saved to top_30_predictions.csv
2024-12-09 16:49:48,556 - INFO - Training on 13952 samples...
2024-12-09 16:49:48,569 - INFO - Train epoch: 19 [0/13952 (0%)]	Loss: 0.251666
2024-12-09 16:49:50,315 - INFO - Train epoch: 19 [314720/13952 (73%)]	Loss: 0.246494
2024-12-09 16:49:50,931 - INFO - Making predictions for 3488 samples...
2024-12-09 16:49:51,224 - INFO - Accuracy: 0.8764, Precision: 0.8410, Recall: 0.9312, F1 Score: 0.8838
2024-12-09 16:49:51,227 - INFO - ROC AUC: 0.9435
2024-12-09 16:49:51,227 - INFO - Top 30 predictions saved to top_30_predictions.csv
2024-12-09 16:49:51,227 - INFO - Training on 13952 samples...
2024-12-09 16:49:51,240 - INFO - Train epoch: 20 [0/13952 (0%)]	Loss: 0.232830
2024-12-09 16:49:52,947 - INFO - Train epoch: 20 [320480/13952 (73%)]	Loss: 0.321108
2024-12-09 16:49:53,560 - INFO - Making predictions for 3488 samples...
2024-12-09 16:49:53,859 - INFO - Accuracy: 0.8704, Precision: 0.8400, Recall: 0.9180, F1 Score: 0.8773
2024-12-09 16:49:53,860 - INFO - ROC AUC: 0.9376
2024-12-09 16:49:53,860 - INFO - Top 30 predictions saved to top_30_predictions.csv
2024-12-09 16:49:53,861 - INFO - Training on 13952 samples...
2024-12-09 16:49:53,872 - INFO - Train epoch: 21 [0/13952 (0%)]	Loss: 0.232849
2024-12-09 16:49:55,629 - INFO - Train epoch: 21 [343680/13952 (73%)]	Loss: 0.304178
2024-12-09 16:49:56,265 - INFO - Making predictions for 3488 samples...
2024-12-09 16:49:56,567 - INFO - Accuracy: 0.8793, Precision: 0.8569, Recall: 0.9134, F1 Score: 0.8843
2024-12-09 16:49:56,568 - INFO - ROC AUC: 0.9446
2024-12-09 16:49:56,569 - INFO - Top 30 predictions saved to top_30_predictions.csv
2024-12-09 16:49:56,569 - INFO - Training on 13952 samples...
2024-12-09 16:49:56,580 - INFO - Train epoch: 22 [0/13952 (0%)]	Loss: 0.134557
2024-12-09 16:49:58,306 - INFO - Train epoch: 22 [336320/13952 (73%)]	Loss: 0.342921
2024-12-09 16:49:58,914 - INFO - Making predictions for 3488 samples...
2024-12-09 16:49:59,205 - INFO - Accuracy: 0.8764, Precision: 0.8417, Recall: 0.9300, F1 Score: 0.8837
2024-12-09 16:49:59,207 - INFO - ROC AUC: 0.9439
2024-12-09 16:49:59,207 - INFO - Top 30 predictions saved to top_30_predictions.csv
2024-12-09 16:49:59,207 - INFO - Training on 13952 samples...
2024-12-09 16:49:59,218 - INFO - Train epoch: 23 [0/13952 (0%)]	Loss: 0.227274
2024-12-09 16:50:00,977 - INFO - Train epoch: 23 [308960/13952 (73%)]	Loss: 0.302639
2024-12-09 16:50:01,599 - INFO - Making predictions for 3488 samples...
2024-12-09 16:50:01,895 - INFO - Accuracy: 0.8776, Precision: 0.8696, Recall: 0.8911, F1 Score: 0.8802
2024-12-09 16:50:01,897 - INFO - ROC AUC: 0.9439
2024-12-09 16:50:01,897 - INFO - Top 30 predictions saved to top_30_predictions.csv
2024-12-09 16:50:01,897 - INFO - Training on 13952 samples...
2024-12-09 16:50:01,908 - INFO - Train epoch: 24 [0/13952 (0%)]	Loss: 0.277976
2024-12-09 16:50:03,667 - INFO - Train epoch: 24 [326240/13952 (73%)]	Loss: 0.194180
2024-12-09 16:50:04,297 - INFO - Making predictions for 3488 samples...
2024-12-09 16:50:04,591 - INFO - Accuracy: 0.8791, Precision: 0.8468, Recall: 0.9283, F1 Score: 0.8857
2024-12-09 16:50:04,593 - INFO - ROC AUC: 0.9453
2024-12-09 16:50:04,593 - INFO - Top 30 predictions saved to top_30_predictions.csv
2024-12-09 16:50:04,593 - INFO - Training on 13952 samples...
2024-12-09 16:50:04,607 - INFO - Train epoch: 25 [0/13952 (0%)]	Loss: 0.301099
2024-12-09 16:50:06,355 - INFO - Train epoch: 25 [319520/13952 (73%)]	Loss: 0.247070
2024-12-09 16:50:06,970 - INFO - Making predictions for 3488 samples...
2024-12-09 16:50:07,278 - INFO - Accuracy: 0.8744, Precision: 0.8415, Recall: 0.9255, F1 Score: 0.8815
2024-12-09 16:50:07,280 - INFO - ROC AUC: 0.9428
2024-12-09 16:50:07,280 - INFO - Top 30 predictions saved to top_30_predictions.csv
2024-12-09 16:50:07,280 - INFO - Training on 13952 samples...
2024-12-09 16:50:07,292 - INFO - Train epoch: 26 [0/13952 (0%)]	Loss: 0.274007
2024-12-09 16:50:09,047 - INFO - Train epoch: 26 [300000/13952 (73%)]	Loss: 0.288315
2024-12-09 16:50:09,683 - INFO - Making predictions for 3488 samples...
2024-12-09 16:50:09,975 - INFO - Accuracy: 0.8756, Precision: 0.8404, Recall: 0.9300, F1 Score: 0.8830
2024-12-09 16:50:09,977 - INFO - ROC AUC: 0.9432
2024-12-09 16:50:09,977 - INFO - Top 30 predictions saved to top_30_predictions.csv
2024-12-09 16:50:09,977 - INFO - Training on 13952 samples...
2024-12-09 16:50:09,989 - INFO - Train epoch: 27 [0/13952 (0%)]	Loss: 0.303547
2024-12-09 16:50:11,733 - INFO - Train epoch: 27 [324640/13952 (73%)]	Loss: 0.251594
2024-12-09 16:50:12,292 - INFO - Making predictions for 3488 samples...
2024-12-09 16:50:12,565 - INFO - Accuracy: 0.8808, Precision: 0.8612, Recall: 0.9106, F1 Score: 0.8852
2024-12-09 16:50:12,567 - INFO - ROC AUC: 0.9432
2024-12-09 16:50:12,567 - INFO - Top 30 predictions saved to top_30_predictions.csv
2024-12-09 16:50:12,567 - INFO - Training on 13952 samples...
2024-12-09 16:50:12,578 - INFO - Train epoch: 28 [0/13952 (0%)]	Loss: 0.259849
2024-12-09 16:50:14,094 - INFO - Train epoch: 28 [329920/13952 (73%)]	Loss: 0.196447
2024-12-09 16:50:14,630 - INFO - Making predictions for 3488 samples...
2024-12-09 16:50:14,913 - INFO - Accuracy: 0.8767, Precision: 0.8585, Recall: 0.9048, F1 Score: 0.8811
2024-12-09 16:50:14,915 - INFO - ROC AUC: 0.9431
2024-12-09 16:50:14,915 - INFO - Top 30 predictions saved to top_30_predictions.csv
2024-12-09 16:50:14,915 - INFO - Training on 13952 samples...
2024-12-09 16:50:14,925 - INFO - Train epoch: 29 [0/13952 (0%)]	Loss: 0.185949
2024-12-09 16:50:16,496 - INFO - Train epoch: 29 [309920/13952 (73%)]	Loss: 0.263767
2024-12-09 16:50:17,068 - INFO - Making predictions for 3488 samples...
2024-12-09 16:50:17,360 - INFO - Accuracy: 0.8764, Precision: 0.8379, Recall: 0.9364, F1 Score: 0.8844
2024-12-09 16:50:17,362 - INFO - ROC AUC: 0.9459
2024-12-09 16:50:17,362 - INFO - Top 30 predictions saved to top_30_predictions.csv
2024-12-09 16:50:17,362 - INFO - Training on 13952 samples...
2024-12-09 16:50:17,372 - INFO - Train epoch: 30 [0/13952 (0%)]	Loss: 0.134048
2024-12-09 16:50:18,921 - INFO - Train epoch: 30 [304640/13952 (73%)]	Loss: 0.245691
2024-12-09 16:50:19,453 - INFO - Making predictions for 3488 samples...
2024-12-09 16:50:19,740 - INFO - Accuracy: 0.8764, Precision: 0.8527, Recall: 0.9128, F1 Score: 0.8818
2024-12-09 16:50:19,741 - INFO - ROC AUC: 0.9451
2024-12-09 16:50:19,742 - INFO - Top 30 predictions saved to top_30_predictions.csv
2024-12-09 16:50:19,742 - INFO - Training on 13952 samples...
2024-12-09 16:50:19,753 - INFO - Train epoch: 31 [0/13952 (0%)]	Loss: 0.340928
2024-12-09 16:50:21,357 - INFO - Train epoch: 31 [289280/13952 (73%)]	Loss: 0.238977
2024-12-09 16:50:21,912 - INFO - Making predictions for 3488 samples...
2024-12-09 16:50:22,185 - INFO - Accuracy: 0.8767, Precision: 0.8425, Recall: 0.9295, F1 Score: 0.8839
2024-12-09 16:50:22,187 - INFO - ROC AUC: 0.9435
2024-12-09 16:50:22,187 - INFO - Top 30 predictions saved to top_30_predictions.csv
2024-12-09 16:50:22,187 - INFO - Training on 13952 samples...
2024-12-09 16:50:22,197 - INFO - Train epoch: 32 [0/13952 (0%)]	Loss: 0.287619
2024-12-09 16:50:23,755 - INFO - Train epoch: 32 [292960/13952 (73%)]	Loss: 0.126648
2024-12-09 16:50:24,291 - INFO - Making predictions for 3488 samples...
2024-12-09 16:50:24,578 - INFO - Accuracy: 0.8759, Precision: 0.8380, Recall: 0.9346, F1 Score: 0.8837
2024-12-09 16:50:24,579 - INFO - ROC AUC: 0.9392
2024-12-09 16:50:24,579 - INFO - Top 30 predictions saved to top_30_predictions.csv
2024-12-09 16:50:24,580 - INFO - Training on 13952 samples...
2024-12-09 16:50:24,589 - INFO - Train epoch: 33 [0/13952 (0%)]	Loss: 0.154984
2024-12-09 16:50:26,178 - INFO - Train epoch: 33 [318720/13952 (73%)]	Loss: 0.160158
2024-12-09 16:50:26,734 - INFO - Making predictions for 3488 samples...
2024-12-09 16:50:27,021 - INFO - Accuracy: 0.8675, Precision: 0.8241, Recall: 0.9375, F1 Score: 0.8771
2024-12-09 16:50:27,023 - INFO - ROC AUC: 0.9352
2024-12-09 16:50:27,023 - INFO - Top 30 predictions saved to top_30_predictions.csv
2024-12-09 16:50:27,023 - INFO - Training on 13952 samples...
2024-12-09 16:50:27,033 - INFO - Train epoch: 34 [0/13952 (0%)]	Loss: 0.244269
2024-12-09 16:50:28,552 - INFO - Train epoch: 34 [329120/13952 (73%)]	Loss: 0.183210
2024-12-09 16:50:29,106 - INFO - Making predictions for 3488 samples...
2024-12-09 16:50:29,390 - INFO - Accuracy: 0.8753, Precision: 0.8653, Recall: 0.8916, F1 Score: 0.8783
2024-12-09 16:50:29,391 - INFO - ROC AUC: 0.9439
2024-12-09 16:50:29,391 - INFO - Top 30 predictions saved to top_30_predictions.csv
2024-12-09 16:50:29,391 - INFO - Training on 13952 samples...
2024-12-09 16:50:29,404 - INFO - Train epoch: 35 [0/13952 (0%)]	Loss: 0.144013
2024-12-09 16:50:30,933 - INFO - Train epoch: 35 [277280/13952 (73%)]	Loss: 0.168082
2024-12-09 16:50:31,569 - INFO - Making predictions for 3488 samples...
2024-12-09 16:50:31,847 - INFO - Accuracy: 0.8741, Precision: 0.8271, Recall: 0.9490, F1 Score: 0.8838
2024-12-09 16:50:31,849 - INFO - ROC AUC: 0.9465
2024-12-09 16:50:31,849 - INFO - Top 30 predictions saved to top_30_predictions.csv
2024-12-09 16:50:31,856 - INFO - Top 30 predictions saved to top_30_predictions.csv
2024-12-09 16:50:31,856 - INFO - Training on 13952 samples...
2024-12-09 16:50:31,866 - INFO - Train epoch: 36 [0/13952 (0%)]	Loss: 0.275714
2024-12-09 16:50:33,390 - INFO - Train epoch: 36 [307840/13952 (73%)]	Loss: 0.193470
2024-12-09 16:50:33,929 - INFO - Making predictions for 3488 samples...
2024-12-09 16:50:34,219 - INFO - Accuracy: 0.8791, Precision: 0.8446, Recall: 0.9318, F1 Score: 0.8860
2024-12-09 16:50:34,221 - INFO - ROC AUC: 0.9451
2024-12-09 16:50:34,221 - INFO - Top 30 predictions saved to top_30_predictions.csv
2024-12-09 16:50:34,221 - INFO - Training on 13952 samples...
2024-12-09 16:50:34,231 - INFO - Train epoch: 37 [0/13952 (0%)]	Loss: 0.316806
2024-12-09 16:50:35,786 - INFO - Train epoch: 37 [332640/13952 (73%)]	Loss: 0.193960
2024-12-09 16:50:36,332 - INFO - Making predictions for 3488 samples...
2024-12-09 16:50:36,617 - INFO - Accuracy: 0.8730, Precision: 0.8317, Recall: 0.9381, F1 Score: 0.8817
2024-12-09 16:50:36,619 - INFO - ROC AUC: 0.9386
2024-12-09 16:50:36,619 - INFO - Top 30 predictions saved to top_30_predictions.csv
2024-12-09 16:50:36,619 - INFO - Training on 13952 samples...
2024-12-09 16:50:36,629 - INFO - Train epoch: 38 [0/13952 (0%)]	Loss: 0.358294
2024-12-09 16:50:38,162 - INFO - Train epoch: 38 [326880/13952 (73%)]	Loss: 0.196472
2024-12-09 16:50:38,703 - INFO - Making predictions for 3488 samples...
2024-12-09 16:50:39,003 - INFO - Accuracy: 0.8773, Precision: 0.8511, Recall: 0.9174, F1 Score: 0.8830
2024-12-09 16:50:39,005 - INFO - ROC AUC: 0.9404
2024-12-09 16:50:39,005 - INFO - Top 30 predictions saved to top_30_predictions.csv
2024-12-09 16:50:39,005 - INFO - Training on 13952 samples...
2024-12-09 16:50:39,018 - INFO - Train epoch: 39 [0/13952 (0%)]	Loss: 0.213931
2024-12-09 16:50:40,578 - INFO - Train epoch: 39 [289760/13952 (73%)]	Loss: 0.127500
2024-12-09 16:50:41,146 - INFO - Making predictions for 3488 samples...
2024-12-09 16:50:41,441 - INFO - Accuracy: 0.8721, Precision: 0.8255, Recall: 0.9467, F1 Score: 0.8819
2024-12-09 16:50:41,443 - INFO - ROC AUC: 0.9455
2024-12-09 16:50:41,443 - INFO - Top 30 predictions saved to top_30_predictions.csv
2024-12-09 16:50:41,443 - INFO - Training on 13952 samples...
2024-12-09 16:50:41,455 - INFO - Train epoch: 40 [0/13952 (0%)]	Loss: 0.228347
2024-12-09 16:50:42,963 - INFO - Train epoch: 40 [288640/13952 (73%)]	Loss: 0.132970
2024-12-09 16:50:43,500 - INFO - Making predictions for 3488 samples...
2024-12-09 16:50:43,792 - INFO - Accuracy: 0.8704, Precision: 0.8306, Recall: 0.9335, F1 Score: 0.8790
2024-12-09 16:50:43,794 - INFO - ROC AUC: 0.9419
2024-12-09 16:50:43,794 - INFO - Top 30 predictions saved to top_30_predictions.csv
2024-12-09 16:50:43,794 - INFO - Training on 13952 samples...
2024-12-09 16:50:43,807 - INFO - Train epoch: 41 [0/13952 (0%)]	Loss: 0.194815
2024-12-09 16:50:45,411 - INFO - Train epoch: 41 [298080/13952 (73%)]	Loss: 0.190177
2024-12-09 16:50:45,947 - INFO - Making predictions for 3488 samples...
2024-12-09 16:50:46,248 - INFO - Accuracy: 0.8718, Precision: 0.8287, Recall: 0.9404, F1 Score: 0.8810
2024-12-09 16:50:46,249 - INFO - ROC AUC: 0.9416
2024-12-09 16:50:46,249 - INFO - Top 30 predictions saved to top_30_predictions.csv
2024-12-09 16:50:46,249 - INFO - Training on 13952 samples...
2024-12-09 16:50:46,260 - INFO - Train epoch: 42 [0/13952 (0%)]	Loss: 0.138531
2024-12-09 16:50:47,811 - INFO - Train epoch: 42 [327360/13952 (73%)]	Loss: 0.168286
2024-12-09 16:50:48,357 - INFO - Making predictions for 3488 samples...
2024-12-09 16:50:48,655 - INFO - Accuracy: 0.8666, Precision: 0.8504, Recall: 0.8928, F1 Score: 0.8710
2024-12-09 16:50:48,657 - INFO - ROC AUC: 0.9363
2024-12-09 16:50:48,657 - INFO - Top 30 predictions saved to top_30_predictions.csv
2024-12-09 16:50:48,657 - INFO - Training on 13952 samples...
2024-12-09 16:50:48,667 - INFO - Train epoch: 43 [0/13952 (0%)]	Loss: 0.247916
2024-12-09 16:50:50,226 - INFO - Train epoch: 43 [329920/13952 (73%)]	Loss: 0.187201
2024-12-09 16:50:50,811 - INFO - Making predictions for 3488 samples...
2024-12-09 16:50:51,098 - INFO - Accuracy: 0.8718, Precision: 0.8287, Recall: 0.9404, F1 Score: 0.8810
2024-12-09 16:50:51,099 - INFO - ROC AUC: 0.9411
2024-12-09 16:50:51,100 - INFO - Top 30 predictions saved to top_30_predictions.csv
2024-12-09 16:50:51,100 - INFO - Training on 13952 samples...
2024-12-09 16:50:51,111 - INFO - Train epoch: 44 [0/13952 (0%)]	Loss: 0.179713
2024-12-09 16:50:52,690 - INFO - Train epoch: 44 [345600/13952 (73%)]	Loss: 0.279403
2024-12-09 16:50:53,246 - INFO - Making predictions for 3488 samples...
2024-12-09 16:50:53,522 - INFO - Accuracy: 0.8776, Precision: 0.8497, Recall: 0.9203, F1 Score: 0.8836
2024-12-09 16:50:53,523 - INFO - ROC AUC: 0.9428
2024-12-09 16:50:53,523 - INFO - Top 30 predictions saved to top_30_predictions.csv
2024-12-09 16:50:53,524 - INFO - Training on 13952 samples...
2024-12-09 16:50:53,533 - INFO - Train epoch: 45 [0/13952 (0%)]	Loss: 0.255026
2024-12-09 16:50:55,069 - INFO - Train epoch: 45 [304800/13952 (73%)]	Loss: 0.311550
2024-12-09 16:50:55,618 - INFO - Making predictions for 3488 samples...
2024-12-09 16:50:55,902 - INFO - Accuracy: 0.8730, Precision: 0.8425, Recall: 0.9203, F1 Score: 0.8797
2024-12-09 16:50:55,904 - INFO - ROC AUC: 0.9392
2024-12-09 16:50:55,904 - INFO - Top 30 predictions saved to top_30_predictions.csv
2024-12-09 16:50:55,904 - INFO - Training on 13952 samples...
2024-12-09 16:50:55,914 - INFO - Train epoch: 46 [0/13952 (0%)]	Loss: 0.179834
2024-12-09 16:50:57,521 - INFO - Train epoch: 46 [284000/13952 (73%)]	Loss: 0.390849
2024-12-09 16:50:58,066 - INFO - Making predictions for 3488 samples...
2024-12-09 16:50:58,352 - INFO - Accuracy: 0.8657, Precision: 0.8323, Recall: 0.9192, F1 Score: 0.8736
2024-12-09 16:50:58,354 - INFO - ROC AUC: 0.9379
2024-12-09 16:50:58,354 - INFO - Top 30 predictions saved to top_30_predictions.csv
2024-12-09 16:50:58,354 - INFO - Training on 13952 samples...
2024-12-09 16:50:58,367 - INFO - Train epoch: 47 [0/13952 (0%)]	Loss: 0.315631
2024-12-09 16:50:59,875 - INFO - Train epoch: 47 [286080/13952 (73%)]	Loss: 0.288912
2024-12-09 16:51:00,440 - INFO - Making predictions for 3488 samples...
2024-12-09 16:51:00,718 - INFO - Accuracy: 0.8756, Precision: 0.8404, Recall: 0.9300, F1 Score: 0.8830
2024-12-09 16:51:00,719 - INFO - ROC AUC: 0.9455
2024-12-09 16:51:00,719 - INFO - Top 30 predictions saved to top_30_predictions.csv
2024-12-09 16:51:00,719 - INFO - Training on 13952 samples...
2024-12-09 16:51:00,732 - INFO - Train epoch: 48 [0/13952 (0%)]	Loss: 0.127022
2024-12-09 16:51:02,326 - INFO - Train epoch: 48 [297120/13952 (73%)]	Loss: 0.184795
2024-12-09 16:51:02,904 - INFO - Making predictions for 3488 samples...
2024-12-09 16:51:03,192 - INFO - Accuracy: 0.8655, Precision: 0.8481, Recall: 0.8933, F1 Score: 0.8701
2024-12-09 16:51:03,193 - INFO - ROC AUC: 0.9335
2024-12-09 16:51:03,193 - INFO - Top 30 predictions saved to top_30_predictions.csv
2024-12-09 16:51:03,194 - INFO - Training on 13952 samples...
2024-12-09 16:51:03,207 - INFO - Train epoch: 49 [0/13952 (0%)]	Loss: 0.268624
2024-12-09 16:51:04,705 - INFO - Train epoch: 49 [341920/13952 (73%)]	Loss: 0.209154
2024-12-09 16:51:05,240 - INFO - Making predictions for 3488 samples...
2024-12-09 16:51:05,526 - INFO - Accuracy: 0.8683, Precision: 0.8208, Recall: 0.9455, F1 Score: 0.8788
2024-12-09 16:51:05,528 - INFO - ROC AUC: 0.9357
2024-12-09 16:51:05,528 - INFO - Top 30 predictions saved to top_30_predictions.csv
2024-12-09 16:51:05,528 - INFO - Training on 13952 samples...
2024-12-09 16:51:05,538 - INFO - Train epoch: 50 [0/13952 (0%)]	Loss: 0.221199
2024-12-09 16:51:07,048 - INFO - Train epoch: 50 [319680/13952 (73%)]	Loss: 0.385326
2024-12-09 16:51:07,586 - INFO - Making predictions for 3488 samples...
2024-12-09 16:51:07,872 - INFO - Accuracy: 0.8678, Precision: 0.8353, Recall: 0.9192, F1 Score: 0.8752
2024-12-09 16:51:07,875 - INFO - ROC AUC: 0.9367
2024-12-09 16:51:07,875 - INFO - Top 30 predictions saved to top_30_predictions.csv
2024-12-09 16:51:07,875 - INFO - Training on 13952 samples...
2024-12-09 16:51:07,885 - INFO - Train epoch: 51 [0/13952 (0%)]	Loss: 0.176663
2024-12-09 16:51:09,429 - INFO - Train epoch: 51 [285600/13952 (73%)]	Loss: 0.211125
2024-12-09 16:51:09,964 - INFO - Making predictions for 3488 samples...
2024-12-09 16:51:10,261 - INFO - Accuracy: 0.8764, Precision: 0.8685, Recall: 0.8899, F1 Score: 0.8791
2024-12-09 16:51:10,263 - INFO - ROC AUC: 0.9434
2024-12-09 16:51:10,263 - INFO - Top 30 predictions saved to top_30_predictions.csv
2024-12-09 16:51:10,263 - INFO - Training on 13952 samples...
2024-12-09 16:51:10,275 - INFO - Train epoch: 52 [0/13952 (0%)]	Loss: 0.254614
2024-12-09 16:51:11,807 - INFO - Train epoch: 52 [301920/13952 (73%)]	Loss: 0.248815
2024-12-09 16:51:12,388 - INFO - Making predictions for 3488 samples...
2024-12-09 16:51:12,669 - INFO - Accuracy: 0.8712, Precision: 0.8417, Recall: 0.9174, F1 Score: 0.8779
2024-12-09 16:51:12,671 - INFO - ROC AUC: 0.9372
2024-12-09 16:51:12,671 - INFO - Top 30 predictions saved to top_30_predictions.csv
2024-12-09 16:51:12,671 - INFO - Training on 13952 samples...
2024-12-09 16:51:12,684 - INFO - Train epoch: 53 [0/13952 (0%)]	Loss: 0.229417
2024-12-09 16:51:14,267 - INFO - Train epoch: 53 [331680/13952 (73%)]	Loss: 0.155395
2024-12-09 16:51:14,823 - INFO - Making predictions for 3488 samples...
2024-12-09 16:51:15,115 - INFO - Accuracy: 0.8683, Precision: 0.8387, Recall: 0.9151, F1 Score: 0.8752
2024-12-09 16:51:15,117 - INFO - ROC AUC: 0.9362
2024-12-09 16:51:15,117 - INFO - Top 30 predictions saved to top_30_predictions.csv
2024-12-09 16:51:15,117 - INFO - Training on 13952 samples...
2024-12-09 16:51:15,127 - INFO - Train epoch: 54 [0/13952 (0%)]	Loss: 0.154994
2024-12-09 16:51:16,642 - INFO - Train epoch: 54 [310560/13952 (73%)]	Loss: 0.262074
2024-12-09 16:51:17,248 - INFO - Making predictions for 3488 samples...
2024-12-09 16:51:17,541 - INFO - Accuracy: 0.8776, Precision: 0.8561, Recall: 0.9106, F1 Score: 0.8825
2024-12-09 16:51:17,542 - INFO - ROC AUC: 0.9437
2024-12-09 16:51:17,542 - INFO - Top 30 predictions saved to top_30_predictions.csv
2024-12-09 16:51:17,542 - INFO - Training on 13952 samples...
2024-12-09 16:51:17,552 - INFO - Train epoch: 55 [0/13952 (0%)]	Loss: 0.153656
2024-12-09 16:51:19,133 - INFO - Train epoch: 55 [296960/13952 (73%)]	Loss: 0.251496
2024-12-09 16:51:19,719 - INFO - Making predictions for 3488 samples...
2024-12-09 16:51:20,010 - INFO - Accuracy: 0.8738, Precision: 0.8707, Recall: 0.8807, F1 Score: 0.8757
2024-12-09 16:51:20,011 - INFO - ROC AUC: 0.9403
2024-12-09 16:51:20,011 - INFO - Top 30 predictions saved to top_30_predictions.csv
2024-12-09 16:51:20,011 - INFO - Training on 13952 samples...
2024-12-09 16:51:20,021 - INFO - Train epoch: 56 [0/13952 (0%)]	Loss: 0.230408
2024-12-09 16:51:21,581 - INFO - Train epoch: 56 [305920/13952 (73%)]	Loss: 0.354651
2024-12-09 16:51:22,136 - INFO - Making predictions for 3488 samples...
2024-12-09 16:51:22,427 - INFO - Accuracy: 0.8669, Precision: 0.8210, Recall: 0.9415, F1 Score: 0.8771
2024-12-09 16:51:22,428 - INFO - ROC AUC: 0.9367
2024-12-09 16:51:22,429 - INFO - Top 30 predictions saved to top_30_predictions.csv
2024-12-09 16:51:22,429 - INFO - Training on 13952 samples...
2024-12-09 16:51:22,444 - INFO - Train epoch: 57 [0/13952 (0%)]	Loss: 0.148870
2024-12-09 16:51:23,984 - INFO - Train epoch: 57 [328960/13952 (73%)]	Loss: 0.147445
2024-12-09 16:51:24,529 - INFO - Making predictions for 3488 samples...
2024-12-09 16:51:24,815 - INFO - Accuracy: 0.8733, Precision: 0.8545, Recall: 0.9025, F1 Score: 0.8779
2024-12-09 16:51:24,817 - INFO - ROC AUC: 0.9405
2024-12-09 16:51:24,817 - INFO - Top 30 predictions saved to top_30_predictions.csv
2024-12-09 16:51:24,817 - INFO - Training on 13952 samples...
2024-12-09 16:51:24,830 - INFO - Train epoch: 58 [0/13952 (0%)]	Loss: 0.162301
2024-12-09 16:51:26,415 - INFO - Train epoch: 58 [329120/13952 (73%)]	Loss: 0.280093
2024-12-09 16:51:26,992 - INFO - Making predictions for 3488 samples...
2024-12-09 16:51:27,281 - INFO - Accuracy: 0.8672, Precision: 0.8599, Recall: 0.8802, F1 Score: 0.8699
2024-12-09 16:51:27,282 - INFO - ROC AUC: 0.9371
2024-12-09 16:51:27,282 - INFO - Top 30 predictions saved to top_30_predictions.csv
2024-12-09 16:51:27,282 - INFO - Training on 13952 samples...
2024-12-09 16:51:27,295 - INFO - Train epoch: 59 [0/13952 (0%)]	Loss: 0.237565
2024-12-09 16:51:28,820 - INFO - Train epoch: 59 [311040/13952 (73%)]	Loss: 0.181968
2024-12-09 16:51:29,369 - INFO - Making predictions for 3488 samples...
2024-12-09 16:51:29,662 - INFO - Accuracy: 0.8626, Precision: 0.8246, Recall: 0.9243, F1 Score: 0.8716
2024-12-09 16:51:29,664 - INFO - ROC AUC: 0.9292
2024-12-09 16:51:29,664 - INFO - Top 30 predictions saved to top_30_predictions.csv
2024-12-09 16:51:29,664 - INFO - Training on 13952 samples...
2024-12-09 16:51:29,677 - INFO - Train epoch: 60 [0/13952 (0%)]	Loss: 0.104894
2024-12-09 16:51:31,231 - INFO - Train epoch: 60 [305600/13952 (73%)]	Loss: 0.222478
2024-12-09 16:51:31,768 - INFO - Making predictions for 3488 samples...
2024-12-09 16:51:32,062 - INFO - Accuracy: 0.8692, Precision: 0.8522, Recall: 0.8962, F1 Score: 0.8737
2024-12-09 16:51:32,063 - INFO - ROC AUC: 0.9379
2024-12-09 16:51:32,064 - INFO - Top 30 predictions saved to top_30_predictions.csv
2024-12-09 16:51:32,064 - INFO - Training on 13952 samples...
2024-12-09 16:51:32,076 - INFO - Train epoch: 61 [0/13952 (0%)]	Loss: 0.183501
2024-12-09 16:51:33,662 - INFO - Train epoch: 61 [319040/13952 (73%)]	Loss: 0.200429
2024-12-09 16:51:34,193 - INFO - Making predictions for 3488 samples...
2024-12-09 16:51:34,485 - INFO - Accuracy: 0.8701, Precision: 0.8410, Recall: 0.9157, F1 Score: 0.8767
2024-12-09 16:51:34,487 - INFO - ROC AUC: 0.9391
2024-12-09 16:51:34,487 - INFO - Top 30 predictions saved to top_30_predictions.csv
2024-12-09 16:51:34,487 - INFO - Training on 13952 samples...
2024-12-09 16:51:34,500 - INFO - Train epoch: 62 [0/13952 (0%)]	Loss: 0.197626
2024-12-09 16:51:36,044 - INFO - Train epoch: 62 [284960/13952 (73%)]	Loss: 0.165314
2024-12-09 16:51:36,571 - INFO - Making predictions for 3488 samples...
2024-12-09 16:51:36,868 - INFO - Accuracy: 0.8709, Precision: 0.8489, Recall: 0.9054, F1 Score: 0.8762
2024-12-09 16:51:36,871 - INFO - ROC AUC: 0.9392
2024-12-09 16:51:36,871 - INFO - Top 30 predictions saved to top_30_predictions.csv
2024-12-09 16:51:36,871 - INFO - Training on 13952 samples...
2024-12-09 16:51:36,884 - INFO - Train epoch: 63 [0/13952 (0%)]	Loss: 0.178172
2024-12-09 16:51:38,537 - INFO - Train epoch: 63 [276960/13952 (73%)]	Loss: 0.105656
2024-12-09 16:51:39,124 - INFO - Making predictions for 3488 samples...
2024-12-09 16:51:39,400 - INFO - Accuracy: 0.8620, Precision: 0.8521, Recall: 0.8790, F1 Score: 0.8654
2024-12-09 16:51:39,401 - INFO - ROC AUC: 0.9334
2024-12-09 16:51:39,402 - INFO - Top 30 predictions saved to top_30_predictions.csv
2024-12-09 16:51:39,402 - INFO - Training on 13952 samples...
2024-12-09 16:51:39,415 - INFO - Train epoch: 64 [0/13952 (0%)]	Loss: 0.228372
2024-12-09 16:51:40,994 - INFO - Train epoch: 64 [287040/13952 (73%)]	Loss: 0.093392
2024-12-09 16:51:41,532 - INFO - Making predictions for 3488 samples...
2024-12-09 16:51:41,825 - INFO - Accuracy: 0.8634, Precision: 0.8593, Recall: 0.8721, F1 Score: 0.8657
2024-12-09 16:51:41,828 - INFO - ROC AUC: 0.9355
2024-12-09 16:51:41,828 - INFO - Top 30 predictions saved to top_30_predictions.csv
2024-12-09 16:51:41,828 - INFO - Training on 13952 samples...
2024-12-09 16:51:41,838 - INFO - Train epoch: 65 [0/13952 (0%)]	Loss: 0.111962
2024-12-09 16:51:43,388 - INFO - Train epoch: 65 [312480/13952 (73%)]	Loss: 0.204403
2024-12-09 16:51:43,914 - INFO - Making predictions for 3488 samples...
2024-12-09 16:51:44,189 - INFO - Accuracy: 0.8707, Precision: 0.8609, Recall: 0.8870, F1 Score: 0.8738
2024-12-09 16:51:44,192 - INFO - ROC AUC: 0.9381
2024-12-09 16:51:44,192 - INFO - Top 30 predictions saved to top_30_predictions.csv
2024-12-09 16:51:44,193 - INFO - Training on 13952 samples...
2024-12-09 16:51:44,205 - INFO - Train epoch: 66 [0/13952 (0%)]	Loss: 0.239746
2024-12-09 16:51:45,753 - INFO - Train epoch: 66 [340320/13952 (73%)]	Loss: 0.165175
2024-12-09 16:51:46,366 - INFO - Making predictions for 3488 samples...
2024-12-09 16:51:46,664 - INFO - Accuracy: 0.8640, Precision: 0.8342, Recall: 0.9117, F1 Score: 0.8712
2024-12-09 16:51:46,665 - INFO - ROC AUC: 0.9336
2024-12-09 16:51:46,666 - INFO - Top 30 predictions saved to top_30_predictions.csv
2024-12-09 16:51:46,666 - INFO - Training on 13952 samples...
2024-12-09 16:51:46,679 - INFO - Train epoch: 67 [0/13952 (0%)]	Loss: 0.081398
2024-12-09 16:51:48,302 - INFO - Train epoch: 67 [312480/13952 (73%)]	Loss: 0.184521
2024-12-09 16:51:48,854 - INFO - Making predictions for 3488 samples...
2024-12-09 16:51:49,141 - INFO - Accuracy: 0.8776, Precision: 0.8538, Recall: 0.9140, F1 Score: 0.8829
2024-12-09 16:51:49,142 - INFO - ROC AUC: 0.9410
2024-12-09 16:51:49,143 - INFO - Top 30 predictions saved to top_30_predictions.csv
2024-12-09 16:51:49,143 - INFO - Training on 13952 samples...
2024-12-09 16:51:49,153 - INFO - Train epoch: 68 [0/13952 (0%)]	Loss: 0.153515
2024-12-09 16:51:50,702 - INFO - Train epoch: 68 [326880/13952 (73%)]	Loss: 0.193580
2024-12-09 16:51:51,240 - INFO - Making predictions for 3488 samples...
2024-12-09 16:51:51,535 - INFO - Accuracy: 0.8701, Precision: 0.8540, Recall: 0.8956, F1 Score: 0.8743
2024-12-09 16:51:51,538 - INFO - ROC AUC: 0.9391
2024-12-09 16:51:51,538 - INFO - Top 30 predictions saved to top_30_predictions.csv
2024-12-09 16:51:51,538 - INFO - Training on 13952 samples...
2024-12-09 16:51:51,551 - INFO - Train epoch: 69 [0/13952 (0%)]	Loss: 0.127028
2024-12-09 16:51:53,137 - INFO - Train epoch: 69 [333600/13952 (73%)]	Loss: 0.191222
2024-12-09 16:51:53,688 - INFO - Making predictions for 3488 samples...
2024-12-09 16:51:53,971 - INFO - Accuracy: 0.8712, Precision: 0.8378, Recall: 0.9237, F1 Score: 0.8786
2024-12-09 16:51:53,972 - INFO - ROC AUC: 0.9370
2024-12-09 16:51:53,972 - INFO - Top 30 predictions saved to top_30_predictions.csv
2024-12-09 16:51:53,972 - INFO - Training on 13952 samples...
2024-12-09 16:51:53,985 - INFO - Train epoch: 70 [0/13952 (0%)]	Loss: 0.134206
2024-12-09 16:51:55,527 - INFO - Train epoch: 70 [299520/13952 (73%)]	Loss: 0.241492
2024-12-09 16:51:56,080 - INFO - Making predictions for 3488 samples...
2024-12-09 16:51:56,362 - INFO - Accuracy: 0.8707, Precision: 0.8448, Recall: 0.9111, F1 Score: 0.8767
2024-12-09 16:51:56,365 - INFO - ROC AUC: 0.9383
2024-12-09 16:51:56,365 - INFO - Top 30 predictions saved to top_30_predictions.csv
2024-12-09 16:51:56,365 - INFO - Training on 13952 samples...
2024-12-09 16:51:56,376 - INFO - Train epoch: 71 [0/13952 (0%)]	Loss: 0.204493
2024-12-09 16:51:57,891 - INFO - Train epoch: 71 [354080/13952 (73%)]	Loss: 0.247677
2024-12-09 16:51:58,422 - INFO - Making predictions for 3488 samples...
2024-12-09 16:51:58,699 - INFO - Accuracy: 0.8707, Precision: 0.8444, Recall: 0.9117, F1 Score: 0.8768
2024-12-09 16:51:58,701 - INFO - ROC AUC: 0.9383
2024-12-09 16:51:58,701 - INFO - Top 30 predictions saved to top_30_predictions.csv
2024-12-09 16:51:58,701 - INFO - Training on 13952 samples...
2024-12-09 16:51:58,711 - INFO - Train epoch: 72 [0/13952 (0%)]	Loss: 0.200715
2024-12-09 16:52:00,318 - INFO - Train epoch: 72 [314720/13952 (73%)]	Loss: 0.215117
2024-12-09 16:52:00,877 - INFO - Making predictions for 3488 samples...
2024-12-09 16:52:01,170 - INFO - Accuracy: 0.8611, Precision: 0.8358, Recall: 0.9019, F1 Score: 0.8676
2024-12-09 16:52:01,172 - INFO - ROC AUC: 0.9299
2024-12-09 16:52:01,172 - INFO - Top 30 predictions saved to top_30_predictions.csv
2024-12-09 16:52:01,172 - INFO - Training on 13952 samples...
2024-12-09 16:52:01,185 - INFO - Train epoch: 73 [0/13952 (0%)]	Loss: 0.212579
2024-12-09 16:52:02,696 - INFO - Train epoch: 73 [299360/13952 (73%)]	Loss: 0.281702
2024-12-09 16:52:03,240 - INFO - Making predictions for 3488 samples...
2024-12-09 16:52:03,527 - INFO - Accuracy: 0.8709, Precision: 0.8412, Recall: 0.9174, F1 Score: 0.8777
2024-12-09 16:52:03,528 - INFO - ROC AUC: 0.9377
2024-12-09 16:52:03,528 - INFO - Top 30 predictions saved to top_30_predictions.csv
2024-12-09 16:52:03,528 - INFO - Training on 13952 samples...
2024-12-09 16:52:03,538 - INFO - Train epoch: 74 [0/13952 (0%)]	Loss: 0.131360
2024-12-09 16:52:05,112 - INFO - Train epoch: 74 [331040/13952 (73%)]	Loss: 0.141938
2024-12-09 16:52:05,641 - INFO - Making predictions for 3488 samples...
2024-12-09 16:52:05,919 - INFO - Accuracy: 0.8683, Precision: 0.8408, Recall: 0.9117, F1 Score: 0.8748
2024-12-09 16:52:05,920 - INFO - ROC AUC: 0.9343
2024-12-09 16:52:05,920 - INFO - Top 30 predictions saved to top_30_predictions.csv
2024-12-09 16:52:05,921 - INFO - Training on 13952 samples...
2024-12-09 16:52:05,930 - INFO - Train epoch: 75 [0/13952 (0%)]	Loss: 0.212805
2024-12-09 16:52:07,484 - INFO - Train epoch: 75 [288000/13952 (73%)]	Loss: 0.097784
2024-12-09 16:52:08,027 - INFO - Making predictions for 3488 samples...
2024-12-09 16:52:08,307 - INFO - Accuracy: 0.8681, Precision: 0.8382, Recall: 0.9151, F1 Score: 0.8750
2024-12-09 16:52:08,309 - INFO - ROC AUC: 0.9331
2024-12-09 16:52:08,309 - INFO - Top 30 predictions saved to top_30_predictions.csv
2024-12-09 16:52:08,309 - INFO - Training on 13952 samples...
2024-12-09 16:52:08,319 - INFO - Train epoch: 76 [0/13952 (0%)]	Loss: 0.183548
2024-12-09 16:52:09,863 - INFO - Train epoch: 76 [323040/13952 (73%)]	Loss: 0.300871
2024-12-09 16:52:10,403 - INFO - Making predictions for 3488 samples...
2024-12-09 16:52:10,687 - INFO - Accuracy: 0.8663, Precision: 0.8428, Recall: 0.9037, F1 Score: 0.8722
2024-12-09 16:52:10,689 - INFO - ROC AUC: 0.9391
2024-12-09 16:52:10,689 - INFO - Top 30 predictions saved to top_30_predictions.csv
2024-12-09 16:52:10,689 - INFO - Training on 13952 samples...
2024-12-09 16:52:10,699 - INFO - Train epoch: 77 [0/13952 (0%)]	Loss: 0.074108
2024-12-09 16:52:12,301 - INFO - Train epoch: 77 [297600/13952 (73%)]	Loss: 0.158589
2024-12-09 16:52:12,901 - INFO - Making predictions for 3488 samples...
2024-12-09 16:52:13,194 - INFO - Accuracy: 0.8675, Precision: 0.8556, Recall: 0.8870, F1 Score: 0.8711
2024-12-09 16:52:13,196 - INFO - ROC AUC: 0.9369
2024-12-09 16:52:13,196 - INFO - Top 30 predictions saved to top_30_predictions.csv
2024-12-09 16:52:13,196 - INFO - Training on 13952 samples...
2024-12-09 16:52:13,208 - INFO - Train epoch: 78 [0/13952 (0%)]	Loss: 0.130253
2024-12-09 16:52:14,945 - INFO - Train epoch: 78 [294400/13952 (73%)]	Loss: 0.126637
2024-12-09 16:52:15,556 - INFO - Making predictions for 3488 samples...
2024-12-09 16:52:15,855 - INFO - Accuracy: 0.8571, Precision: 0.8303, Recall: 0.9008, F1 Score: 0.8641
2024-12-09 16:52:15,857 - INFO - ROC AUC: 0.9289
2024-12-09 16:52:15,857 - INFO - Top 30 predictions saved to top_30_predictions.csv
2024-12-09 16:52:15,857 - INFO - Training on 13952 samples...
2024-12-09 16:52:15,867 - INFO - Train epoch: 79 [0/13952 (0%)]	Loss: 0.147021
2024-12-09 16:52:17,557 - INFO - Train epoch: 79 [328160/13952 (73%)]	Loss: 0.201160
2024-12-09 16:52:18,141 - INFO - Making predictions for 3488 samples...
2024-12-09 16:52:18,428 - INFO - Accuracy: 0.8576, Precision: 0.8376, Recall: 0.8905, F1 Score: 0.8633
2024-12-09 16:52:18,430 - INFO - ROC AUC: 0.9286
2024-12-09 16:52:18,430 - INFO - Top 30 predictions saved to top_30_predictions.csv
2024-12-09 16:52:18,430 - INFO - Training on 13952 samples...
2024-12-09 16:52:18,440 - INFO - Train epoch: 80 [0/13952 (0%)]	Loss: 0.059864
2024-12-09 16:52:20,147 - INFO - Train epoch: 80 [325280/13952 (73%)]	Loss: 0.315925
2024-12-09 16:52:20,749 - INFO - Making predictions for 3488 samples...
2024-12-09 16:52:21,047 - INFO - Accuracy: 0.8602, Precision: 0.8299, Recall: 0.9094, F1 Score: 0.8679
2024-12-09 16:52:21,048 - INFO - ROC AUC: 0.9275
2024-12-09 16:52:21,049 - INFO - Top 30 predictions saved to top_30_predictions.csv
2024-12-09 16:52:21,049 - INFO - Training on 13952 samples...
2024-12-09 16:52:21,061 - INFO - Train epoch: 81 [0/13952 (0%)]	Loss: 0.131803
2024-12-09 16:52:22,847 - INFO - Train epoch: 81 [296640/13952 (73%)]	Loss: 0.125059
2024-12-09 16:52:23,495 - INFO - Making predictions for 3488 samples...
2024-12-09 16:52:23,801 - INFO - Accuracy: 0.8678, Precision: 0.8382, Recall: 0.9146, F1 Score: 0.8747
2024-12-09 16:52:23,803 - INFO - ROC AUC: 0.9330
2024-12-09 16:52:23,803 - INFO - Top 30 predictions saved to top_30_predictions.csv
2024-12-09 16:52:23,803 - INFO - Training on 13952 samples...
2024-12-09 16:52:23,815 - INFO - Train epoch: 82 [0/13952 (0%)]	Loss: 0.118230
2024-12-09 16:52:25,610 - INFO - Train epoch: 82 [301280/13952 (73%)]	Loss: 0.138019
2024-12-09 16:52:26,248 - INFO - Making predictions for 3488 samples...
2024-12-09 16:52:26,543 - INFO - Accuracy: 0.8707, Precision: 0.8534, Recall: 0.8979, F1 Score: 0.8751
2024-12-09 16:52:26,545 - INFO - ROC AUC: 0.9364
2024-12-09 16:52:26,545 - INFO - Top 30 predictions saved to top_30_predictions.csv
2024-12-09 16:52:26,545 - INFO - Training on 13952 samples...
2024-12-09 16:52:26,559 - INFO - Train epoch: 83 [0/13952 (0%)]	Loss: 0.233667
2024-12-09 16:52:28,329 - INFO - Train epoch: 83 [282560/13952 (73%)]	Loss: 0.190277
2024-12-09 16:52:28,980 - INFO - Making predictions for 3488 samples...
2024-12-09 16:52:29,289 - INFO - Accuracy: 0.8721, Precision: 0.8511, Recall: 0.9048, F1 Score: 0.8772
2024-12-09 16:52:29,291 - INFO - ROC AUC: 0.9366
2024-12-09 16:52:29,291 - INFO - Top 30 predictions saved to top_30_predictions.csv
2024-12-09 16:52:29,291 - INFO - Training on 13952 samples...
2024-12-09 16:52:29,302 - INFO - Train epoch: 84 [0/13952 (0%)]	Loss: 0.164975
2024-12-09 16:52:31,105 - INFO - Train epoch: 84 [347520/13952 (73%)]	Loss: 0.099215
2024-12-09 16:52:31,736 - INFO - Making predictions for 3488 samples...
2024-12-09 16:52:32,032 - INFO - Accuracy: 0.8655, Precision: 0.8575, Recall: 0.8796, F1 Score: 0.8684
2024-12-09 16:52:32,034 - INFO - ROC AUC: 0.9336
2024-12-09 16:52:32,034 - INFO - Top 30 predictions saved to top_30_predictions.csv
2024-12-09 16:52:32,034 - INFO - Training on 13952 samples...
2024-12-09 16:52:32,045 - INFO - Train epoch: 85 [0/13952 (0%)]	Loss: 0.143654
2024-12-09 16:52:33,830 - INFO - Train epoch: 85 [350720/13952 (73%)]	Loss: 0.081414
2024-12-09 16:52:34,458 - INFO - Making predictions for 3488 samples...
2024-12-09 16:52:34,746 - INFO - Accuracy: 0.8602, Precision: 0.8381, Recall: 0.8962, F1 Score: 0.8662
2024-12-09 16:52:34,748 - INFO - ROC AUC: 0.9287
2024-12-09 16:52:34,748 - INFO - Top 30 predictions saved to top_30_predictions.csv
2024-12-09 16:52:34,748 - INFO - Training on 13952 samples...
2024-12-09 16:52:34,762 - INFO - Train epoch: 86 [0/13952 (0%)]	Loss: 0.126121
2024-12-09 16:52:36,544 - INFO - Train epoch: 86 [329760/13952 (73%)]	Loss: 0.059303
2024-12-09 16:52:37,179 - INFO - Making predictions for 3488 samples...
2024-12-09 16:52:37,479 - INFO - Accuracy: 0.8655, Precision: 0.8587, Recall: 0.8779, F1 Score: 0.8682
2024-12-09 16:52:37,481 - INFO - ROC AUC: 0.9343
2024-12-09 16:52:37,481 - INFO - Top 30 predictions saved to top_30_predictions.csv
2024-12-09 16:52:37,481 - INFO - Training on 13952 samples...
2024-12-09 16:52:37,494 - INFO - Train epoch: 87 [0/13952 (0%)]	Loss: 0.140008
2024-12-09 16:52:39,288 - INFO - Train epoch: 87 [343520/13952 (73%)]	Loss: 0.128694
2024-12-09 16:52:39,915 - INFO - Making predictions for 3488 samples...
2024-12-09 16:52:40,207 - INFO - Accuracy: 0.8672, Precision: 0.8416, Recall: 0.9077, F1 Score: 0.8734
2024-12-09 16:52:40,209 - INFO - ROC AUC: 0.9343
2024-12-09 16:52:40,209 - INFO - Top 30 predictions saved to top_30_predictions.csv
2024-12-09 16:52:40,209 - INFO - Training on 13952 samples...
2024-12-09 16:52:40,222 - INFO - Train epoch: 88 [0/13952 (0%)]	Loss: 0.176537
2024-12-09 16:52:42,022 - INFO - Train epoch: 88 [281760/13952 (73%)]	Loss: 0.094820
2024-12-09 16:52:42,672 - INFO - Making predictions for 3488 samples...
2024-12-09 16:52:42,977 - INFO - Accuracy: 0.8655, Precision: 0.8447, Recall: 0.8985, F1 Score: 0.8708
2024-12-09 16:52:42,979 - INFO - ROC AUC: 0.9301
2024-12-09 16:52:42,979 - INFO - Top 30 predictions saved to top_30_predictions.csv
2024-12-09 16:52:42,979 - INFO - Training on 13952 samples...
2024-12-09 16:52:42,992 - INFO - Train epoch: 89 [0/13952 (0%)]	Loss: 0.191154
2024-12-09 16:52:44,820 - INFO - Train epoch: 89 [313760/13952 (73%)]	Loss: 0.155043
2024-12-09 16:52:45,452 - INFO - Making predictions for 3488 samples...
2024-12-09 16:52:45,751 - INFO - Accuracy: 0.8709, Precision: 0.8508, Recall: 0.9025, F1 Score: 0.8759
2024-12-09 16:52:45,753 - INFO - ROC AUC: 0.9363
2024-12-09 16:52:45,753 - INFO - Top 30 predictions saved to top_30_predictions.csv
2024-12-09 16:52:45,753 - INFO - Training on 13952 samples...
2024-12-09 16:52:45,766 - INFO - Train epoch: 90 [0/13952 (0%)]	Loss: 0.118332
2024-12-09 16:52:47,519 - INFO - Train epoch: 90 [294880/13952 (73%)]	Loss: 0.184547
2024-12-09 16:52:48,149 - INFO - Making predictions for 3488 samples...
2024-12-09 16:52:48,442 - INFO - Accuracy: 0.8672, Precision: 0.8286, Recall: 0.9289, F1 Score: 0.8759
2024-12-09 16:52:48,443 - INFO - ROC AUC: 0.9347
2024-12-09 16:52:48,443 - INFO - Top 30 predictions saved to top_30_predictions.csv
2024-12-09 16:52:48,443 - INFO - Training on 13952 samples...
2024-12-09 16:52:48,456 - INFO - Train epoch: 91 [0/13952 (0%)]	Loss: 0.206172
2024-12-09 16:52:50,179 - INFO - Train epoch: 91 [330560/13952 (73%)]	Loss: 0.184539
2024-12-09 16:52:50,791 - INFO - Making predictions for 3488 samples...
2024-12-09 16:52:51,075 - INFO - Accuracy: 0.8623, Precision: 0.8372, Recall: 0.9025, F1 Score: 0.8687
2024-12-09 16:52:51,077 - INFO - ROC AUC: 0.9315
2024-12-09 16:52:51,077 - INFO - Top 30 predictions saved to top_30_predictions.csv
2024-12-09 16:52:51,077 - INFO - Training on 13952 samples...
2024-12-09 16:52:51,087 - INFO - Train epoch: 92 [0/13952 (0%)]	Loss: 0.230052
2024-12-09 16:52:52,784 - INFO - Train epoch: 92 [323200/13952 (73%)]	Loss: 0.284614
2024-12-09 16:52:53,390 - INFO - Making predictions for 3488 samples...
2024-12-09 16:52:53,685 - INFO - Accuracy: 0.8681, Precision: 0.8515, Recall: 0.8945, F1 Score: 0.8725
2024-12-09 16:52:53,686 - INFO - ROC AUC: 0.9342
2024-12-09 16:52:53,687 - INFO - Top 30 predictions saved to top_30_predictions.csv
2024-12-09 16:52:53,687 - INFO - Training on 13952 samples...
2024-12-09 16:52:53,697 - INFO - Train epoch: 93 [0/13952 (0%)]	Loss: 0.225464
2024-12-09 16:52:55,430 - INFO - Train epoch: 93 [313120/13952 (73%)]	Loss: 0.180532
2024-12-09 16:52:56,048 - INFO - Making predictions for 3488 samples...
2024-12-09 16:52:56,336 - INFO - Accuracy: 0.8698, Precision: 0.8532, Recall: 0.8962, F1 Score: 0.8742
2024-12-09 16:52:56,338 - INFO - ROC AUC: 0.9293
2024-12-09 16:52:56,338 - INFO - Top 30 predictions saved to top_30_predictions.csv
2024-12-09 16:52:56,338 - INFO - Training on 13952 samples...
2024-12-09 16:52:56,351 - INFO - Train epoch: 94 [0/13952 (0%)]	Loss: 0.078862
2024-12-09 16:52:58,063 - INFO - Train epoch: 94 [299040/13952 (73%)]	Loss: 0.261530
2024-12-09 16:52:58,673 - INFO - Making predictions for 3488 samples...
2024-12-09 16:52:58,983 - INFO - Accuracy: 0.8614, Precision: 0.8359, Recall: 0.9025, F1 Score: 0.8679
2024-12-09 16:52:58,985 - INFO - ROC AUC: 0.9306
2024-12-09 16:52:58,985 - INFO - Top 30 predictions saved to top_30_predictions.csv
2024-12-09 16:52:58,985 - INFO - Training on 13952 samples...
2024-12-09 16:52:58,996 - INFO - Train epoch: 95 [0/13952 (0%)]	Loss: 0.093729
2024-12-09 16:53:00,723 - INFO - Train epoch: 95 [343840/13952 (73%)]	Loss: 0.137541
2024-12-09 16:53:01,345 - INFO - Making predictions for 3488 samples...
2024-12-09 16:53:01,641 - INFO - Accuracy: 0.8643, Precision: 0.8386, Recall: 0.9054, F1 Score: 0.8707
2024-12-09 16:53:01,642 - INFO - ROC AUC: 0.9311
2024-12-09 16:53:01,642 - INFO - Top 30 predictions saved to top_30_predictions.csv
2024-12-09 16:53:01,643 - INFO - Training on 13952 samples...
2024-12-09 16:53:01,654 - INFO - Train epoch: 96 [0/13952 (0%)]	Loss: 0.194292
2024-12-09 16:53:03,371 - INFO - Train epoch: 96 [331520/13952 (73%)]	Loss: 0.177529
2024-12-09 16:53:03,976 - INFO - Making predictions for 3488 samples...
2024-12-09 16:53:04,275 - INFO - Accuracy: 0.8608, Precision: 0.8412, Recall: 0.8928, F1 Score: 0.8662
2024-12-09 16:53:04,276 - INFO - ROC AUC: 0.9318
2024-12-09 16:53:04,276 - INFO - Top 30 predictions saved to top_30_predictions.csv
2024-12-09 16:53:04,276 - INFO - Training on 13952 samples...
2024-12-09 16:53:04,287 - INFO - Train epoch: 97 [0/13952 (0%)]	Loss: 0.106859
2024-12-09 16:53:06,006 - INFO - Train epoch: 97 [305760/13952 (73%)]	Loss: 0.059212
2024-12-09 16:53:06,622 - INFO - Making predictions for 3488 samples...
2024-12-09 16:53:06,916 - INFO - Accuracy: 0.8573, Precision: 0.8315, Recall: 0.8997, F1 Score: 0.8642
2024-12-09 16:53:06,918 - INFO - ROC AUC: 0.9274
2024-12-09 16:53:06,918 - INFO - Top 30 predictions saved to top_30_predictions.csv
2024-12-09 16:53:06,919 - INFO - Training on 13952 samples...
2024-12-09 16:53:06,929 - INFO - Train epoch: 98 [0/13952 (0%)]	Loss: 0.155390
2024-12-09 16:53:08,665 - INFO - Train epoch: 98 [309760/13952 (73%)]	Loss: 0.160541
2024-12-09 16:53:09,304 - INFO - Making predictions for 3488 samples...
2024-12-09 16:53:09,612 - INFO - Accuracy: 0.8591, Precision: 0.8440, Recall: 0.8842, F1 Score: 0.8636
2024-12-09 16:53:09,614 - INFO - ROC AUC: 0.9303
2024-12-09 16:53:09,614 - INFO - Top 30 predictions saved to top_30_predictions.csv
2024-12-09 16:53:09,614 - INFO - Training on 13952 samples...
2024-12-09 16:53:09,626 - INFO - Train epoch: 99 [0/13952 (0%)]	Loss: 0.136516
2024-12-09 16:53:11,425 - INFO - Train epoch: 99 [334880/13952 (73%)]	Loss: 0.219737
2024-12-09 16:53:12,050 - INFO - Making predictions for 3488 samples...
2024-12-09 16:53:12,340 - INFO - Accuracy: 0.8623, Precision: 0.8495, Recall: 0.8836, F1 Score: 0.8662
2024-12-09 16:53:12,342 - INFO - ROC AUC: 0.9305
2024-12-09 16:53:12,342 - INFO - Top 30 predictions saved to top_30_predictions.csv
2024-12-09 16:53:12,342 - INFO - Training on 13952 samples...
2024-12-09 16:53:12,355 - INFO - Train epoch: 100 [0/13952 (0%)]	Loss: 0.096323
2024-12-09 16:53:14,131 - INFO - Train epoch: 100 [335360/13952 (73%)]	Loss: 0.060408
2024-12-09 16:53:14,757 - INFO - Making predictions for 3488 samples...
2024-12-09 16:53:15,049 - INFO - Accuracy: 0.8678, Precision: 0.8476, Recall: 0.8997, F1 Score: 0.8729
2024-12-09 16:53:15,050 - INFO - ROC AUC: 0.9319
2024-12-09 16:53:15,050 - INFO - Top 30 predictions saved to top_30_predictions.csv
